2025-10-04 12:59:01 [HikariPool-1 housekeeper] WARN  com.zaxxer.hikari.pool.HikariPool - HikariPool-1 - Thread starvation or clock leap detected (housekeeper delta=13h31m7s517ms528µs900ns).
2025-10-04 15:16:45 [HikariPool-1 housekeeper] WARN  com.zaxxer.hikari.pool.HikariPool - HikariPool-1 - Thread starvation or clock leap detected (housekeeper delta=2h14m44s209ms368µs800ns).
2025-10-04 15:19:02 [http-nio-9292-exec-6] DEBUG o.s.web.servlet.DispatcherServlet - GET "/auth/swagger-ui/index.html", parameters={}
2025-10-04 15:19:02 [http-nio-9292-exec-6] DEBUG o.s.w.s.h.SimpleUrlHandlerMapping - Mapped to ResourceHttpRequestHandler [classpath [META-INF/resources/webjars/]]
2025-10-04 15:19:03 [http-nio-9292-exec-6] DEBUG o.s.web.servlet.DispatcherServlet - Completed 304 NOT_MODIFIED
2025-10-04 15:19:03 [http-nio-9292-exec-8] DEBUG o.s.web.servlet.DispatcherServlet - GET "/auth/swagger-ui/index.css", parameters={}
2025-10-04 15:19:03 [http-nio-9292-exec-4] DEBUG o.s.web.servlet.DispatcherServlet - GET "/auth/swagger-ui/swagger-ui.css", parameters={}
2025-10-04 15:19:03 [http-nio-9292-exec-9] DEBUG o.s.web.servlet.DispatcherServlet - GET "/auth/swagger-ui/swagger-initializer.js", parameters={}
2025-10-04 15:19:03 [http-nio-9292-exec-7] DEBUG o.s.web.servlet.DispatcherServlet - GET "/auth/swagger-ui/swagger-ui-bundle.js", parameters={}
2025-10-04 15:19:03 [http-nio-9292-exec-10] DEBUG o.s.web.servlet.DispatcherServlet - GET "/auth/swagger-ui/swagger-ui-standalone-preset.js", parameters={}
2025-10-04 15:19:03 [http-nio-9292-exec-8] DEBUG o.s.w.s.h.SimpleUrlHandlerMapping - Mapped to ResourceHttpRequestHandler [classpath [META-INF/resources/webjars/]]
2025-10-04 15:19:03 [http-nio-9292-exec-9] DEBUG o.s.w.s.h.SimpleUrlHandlerMapping - Mapped to ResourceHttpRequestHandler [classpath [META-INF/resources/webjars/]]
2025-10-04 15:19:03 [http-nio-9292-exec-4] DEBUG o.s.w.s.h.SimpleUrlHandlerMapping - Mapped to ResourceHttpRequestHandler [classpath [META-INF/resources/webjars/]]
2025-10-04 15:19:03 [http-nio-9292-exec-7] DEBUG o.s.w.s.h.SimpleUrlHandlerMapping - Mapped to ResourceHttpRequestHandler [classpath [META-INF/resources/webjars/]]
2025-10-04 15:19:03 [http-nio-9292-exec-10] DEBUG o.s.w.s.h.SimpleUrlHandlerMapping - Mapped to ResourceHttpRequestHandler [classpath [META-INF/resources/webjars/]]
2025-10-04 15:19:03 [http-nio-9292-exec-4] DEBUG o.s.web.servlet.DispatcherServlet - Completed 304 NOT_MODIFIED
2025-10-04 15:19:03 [http-nio-9292-exec-7] DEBUG o.s.web.servlet.DispatcherServlet - Completed 304 NOT_MODIFIED
2025-10-04 15:19:03 [http-nio-9292-exec-8] DEBUG o.s.web.servlet.DispatcherServlet - Completed 304 NOT_MODIFIED
2025-10-04 15:19:03 [http-nio-9292-exec-10] DEBUG o.s.web.servlet.DispatcherServlet - Completed 304 NOT_MODIFIED
2025-10-04 15:19:03 [http-nio-9292-exec-9] DEBUG o.s.web.servlet.DispatcherServlet - Completed 200 OK
2025-10-04 15:19:03 [http-nio-9292-exec-1] DEBUG o.s.web.servlet.DispatcherServlet - GET "/auth/v3/api-docs/swagger-config", parameters={}
2025-10-04 15:19:03 [http-nio-9292-exec-1] DEBUG o.s.w.s.m.m.a.RequestMappingHandlerMapping - Mapped to org.springdoc.webmvc.ui.SwaggerConfigResource#openapiJson(HttpServletRequest)
2025-10-04 15:19:03 [http-nio-9292-exec-3] DEBUG o.s.web.servlet.DispatcherServlet - GET "/auth/swagger-ui/favicon-32x32.png", parameters={}
2025-10-04 15:19:03 [http-nio-9292-exec-3] DEBUG o.s.w.s.h.SimpleUrlHandlerMapping - Mapped to ResourceHttpRequestHandler [classpath [META-INF/resources/webjars/]]
2025-10-04 15:19:03 [http-nio-9292-exec-3] DEBUG o.s.web.servlet.DispatcherServlet - Completed 304 NOT_MODIFIED
2025-10-04 15:19:03 [http-nio-9292-exec-1] DEBUG o.s.w.s.m.m.a.RequestResponseBodyMethodProcessor - Using 'application/json', given [*/*] and supported [application/json]
2025-10-04 15:19:03 [http-nio-9292-exec-1] DEBUG o.s.w.s.m.m.a.RequestResponseBodyMethodProcessor - Writing [{configUrl=/auth/v3/api-docs/swagger-config, oauth2RedirectUrl=http://localhost:9292/auth/swagger-ui (truncated)...]
2025-10-04 15:19:03 [http-nio-9292-exec-1] DEBUG o.s.web.servlet.DispatcherServlet - Completed 200 OK
2025-10-04 15:19:03 [http-nio-9292-exec-2] DEBUG o.s.web.servlet.DispatcherServlet - GET "/auth/v3/api-docs", parameters={}
2025-10-04 15:19:03 [http-nio-9292-exec-2] DEBUG o.s.w.s.m.m.a.RequestMappingHandlerMapping - Mapped to org.springdoc.webmvc.api.OpenApiWebMvcResource#openapiJson(HttpServletRequest, String, Locale)
2025-10-04 15:19:04 [http-nio-9292-exec-2] DEBUG o.s.w.s.m.m.a.RequestResponseBodyMethodProcessor - Using 'application/json', given [application/json, */*] and supported [application/json]
2025-10-04 15:19:04 [http-nio-9292-exec-2] DEBUG o.s.w.s.m.m.a.RequestResponseBodyMethodProcessor - Writing [{123, 34, 111, 112, 101, 110, 97, 112, 105, 34, 58, 34, 51, 46, 48, 46, 49, 34, 44, 34, 105, 110, 10 (truncated)...]
2025-10-04 15:19:04 [http-nio-9292-exec-2] DEBUG o.s.web.servlet.DispatcherServlet - Completed 200 OK
